<?xml version="1.0" encoding="UTF-8"?>
<testng-results skipped="0" failed="0" ignored="0" total="1" passed="1">
  <reporter-output>
  </reporter-output>
  <suite name="Suite" duration-ms="19978" started-at="2018-08-08T11:22:14Z" finished-at="2018-08-08T11:22:34Z">
    <groups>
    </groups>
    <test name="Test" duration-ms="19978" started-at="2018-08-08T11:22:14Z" finished-at="2018-08-08T11:22:34Z">
      <class name="Sample_mvn.Sample_mvn.Sample">
        <test-method status="PASS" signature="method1()[pri:0, instance:Sample_mvn.Sample_mvn.Sample@20deea7f]" name="method1" is-config="true" duration-ms="11479" started-at="2018-08-08T16:52:14Z" finished-at="2018-08-08T16:52:26Z">
          <reporter-output>
          </reporter-output>
        </test-method> <!-- method1 -->
        <test-method status="PASS" signature="method2()[pri:0, instance:Sample_mvn.Sample_mvn.Sample@20deea7f]" name="method2" duration-ms="8480" started-at="2018-08-08T16:52:26Z" finished-at="2018-08-08T16:52:34Z">
          <reporter-output>
          </reporter-output>
        </test-method> <!-- method2 -->
      </class> <!-- Sample_mvn.Sample_mvn.Sample -->
    </test> <!-- Test -->
  </suite> <!-- Suite -->
</testng-results>
