<?xml version="1.0" encoding="UTF-8"?>
<testng-results skipped="0" failed="0" ignored="0" total="1" passed="1">
  <reporter-output>
  </reporter-output>
  <suite name="Suite" duration-ms="25604" started-at="2018-08-17T05:32:01Z" finished-at="2018-08-17T05:32:26Z">
    <groups>
    </groups>
    <test name="Test" duration-ms="25604" started-at="2018-08-17T05:32:01Z" finished-at="2018-08-17T05:32:26Z">
      <class name="Sample_mvn.Sample_mvn.Sample">
        <test-method status="PASS" signature="method1()[pri:0, instance:Sample_mvn.Sample_mvn.Sample@6f7fd0e6]" name="method1" is-config="true" duration-ms="16996" started-at="2018-08-17T11:02:01Z" finished-at="2018-08-17T11:02:18Z">
          <reporter-output>
          </reporter-output>
        </test-method> <!-- method1 -->
        <test-method status="PASS" signature="method2()[pri:0, instance:Sample_mvn.Sample_mvn.Sample@6f7fd0e6]" name="method2" duration-ms="8517" started-at="2018-08-17T11:02:18Z" finished-at="2018-08-17T11:02:26Z">
          <reporter-output>
          </reporter-output>
        </test-method> <!-- method2 -->
      </class> <!-- Sample_mvn.Sample_mvn.Sample -->
    </test> <!-- Test -->
  </suite> <!-- Suite -->
</testng-results>
